{"numTotalTestSuites":2,"numPassedTestSuites":2,"numFailedTestSuites":0,"numPendingTestSuites":0,"numTotalTests":39,"numPassedTests":39,"numFailedTests":0,"numPendingTests":0,"numTodoTests":0,"snapshot":{"added":0,"failure":false,"filesAdded":0,"filesRemoved":0,"filesRemovedList":[],"filesUnmatched":0,"filesUpdated":0,"matched":0,"total":0,"unchecked":0,"uncheckedKeysByFile":[],"unmatched":0,"updated":0,"didUpdate":false},"startTime":1787475450637,"success":true,"testResults":[{"assertionResults":[{"ancestorTitles":["generated image source normalization"],"fullName":"generated image source normalization allows the image provider 90 seconds to return an asynchronous task ID by default","status":"passed","title":"allows the image provider 90 seconds to return an asynchronous task ID by default","duration":1.7093000000000416,"failureMessages":[],"meta":{}},{"ancestorTitles":["generated image source normalization"],"fullName":"generated image source normalization routes smart annotation edits through a dedicated local-edit path without reference-generation fallback","status":"passed","title":"routes smart annotation edits through a dedicated local-edit path without reference-generation fallback","duration":0.9794999999999732,"failureMessages":[],"meta":{}},{"ancestorTitles":["generated image source normalization"],"fullName":"generated image source normalization keeps camera-view edits on a generative viewpoint path instead of source-preserving local edit rules","status":"passed","title":"keeps camera-view edits on a generative viewpoint path instead of source-preserving local edit rules","duration":0.765199999999993,"failureMessages":[],"meta":{}},{"ancestorTitles":["generated image source normalization"],"fullName":"generated image source normalization keeps alternate image models available for provider gateway retries","status":"passed","title":"keeps alternate image models available for provider gateway retries","duration":0.1893999999999778,"failureMessages":[],"meta":{}},{"ancestorTitles":["generated image source normalization"],"fullName":"generated image source normalization retries a provider gateway failure with the next compatible image model","status":"passed","title":"retries a provider gateway failure with the next compatible image model","duration":1856.1601,"failureMessages":[],"meta":{}},{"ancestorTitles":["generated image source normalization"],"fullName":"generated image source normalization treats provider fetch failures as retryable image gateway failures","status":"passed","title":"treats provider fetch failures as retryable image gateway failures","duration":1841.6094999999996,"failureMessages":[],"meta":{}},{"ancestorTitles":["generated image source normalization"],"fullName":"generated image source normalization does not replace a user-selected image model after a gateway failure","status":"passed","title":"does not replace a user-selected image model after a gateway failure","duration":1807.2370999999994,"failureMessages":[],"meta":{}},{"ancestorTitles":["generated image source normalization"],"fullName":"generated image source normalization turns a stalled image-provider request into a model failure instead of leaving it pending","status":"passed","title":"turns a stalled image-provider request into a model failure instead of leaving it pending","duration":1.7887000000000626,"failureMessages":[],"meta":{}},{"ancestorTitles":["generated image source normalization"],"fullName":"generated image source normalization records request lifecycle metadata without including the prompt when the provider has no response","status":"passed","title":"records request lifecycle metadata without including the prompt when the provider has no response","duration":1.7598999999991065,"failureMessages":[],"meta":{}},{"ancestorTitles":["generated image source normalization"],"fullName":"generated image source normalization keeps the request ID on an upstream HTTP failure","status":"passed","title":"keeps the request ID on an upstream HTTP failure","duration":1815.8074000000006,"failureMessages":[],"meta":{}},{"ancestorTitles":["generated image source normalization"],"fullName":"generated image source normalization prefers image2 medium for smart product references before Gemini fallback","status":"passed","title":"prefers image2 medium for smart product references before Gemini fallback","duration":0.3415999999997439,"failureMessages":[],"meta":{}},{"ancestorTitles":["generated image source normalization"],"fullName":"generated image source normalization converts provider bare base64 payloads into data URLs","status":"passed","title":"converts provider bare base64 payloads into data URLs","duration":0.20060000000012224,"failureMessages":[],"meta":{}},{"ancestorTitles":["generated image source normalization"],"fullName":"generated image source normalization completes the requested image count when a provider returns only one image","status":"passed","title":"completes the requested image count when a provider returns only one image","duration":52.41910000000007,"failureMessages":[],"meta":{}},{"ancestorTitles":["generated image source normalization"],"fullName":"generated image source normalization returns a completed async task image when the provider uses a top-level data array","status":"passed","title":"returns a completed async task image when the provider uses a top-level data array","duration":2038.2456000000002,"failureMessages":[],"meta":{}},{"ancestorTitles":["generated image source normalization"],"fullName":"generated image source normalization returns a completed async task image when the provider nests its data array under the task","status":"passed","title":"returns a completed async task image when the provider nests its data array under the task","duration":2040.768900000001,"failureMessages":[],"meta":{}},{"ancestorTitles":["generated image source normalization"],"fullName":"generated image source normalization keeps relative provider paths as absolute URLs","status":"passed","title":"keeps relative provider paths as absolute URLs","duration":0.27669999999852735,"failureMessages":[],"meta":{}},{"ancestorTitles":["generated image source normalization"],"fullName":"generated image source normalization normalizes generated bitmap pixels to the requested aspect size","status":"passed","title":"normalizes generated bitmap pixels to the requested aspect size","duration":14.108899999999267,"failureMessages":[],"meta":{}},{"ancestorTitles":["generated image source normalization"],"fullName":"generated image source normalization keeps AI output dimensions at least as large as the source bitmap","status":"passed","title":"keeps AI output dimensions at least as large as the source bitmap","duration":0.1422999999995227,"failureMessages":[],"meta":{}},{"ancestorTitles":["generated image source normalization"],"fullName":"generated image source normalization raises small AI output dimensions to a high-definition long side","status":"passed","title":"raises small AI output dimensions to a high-definition long side","duration":0.07740000000012515,"failureMessages":[],"meta":{}},{"ancestorTitles":["generated image source normalization"],"fullName":"generated image source normalization keeps explicit smart product requirements ahead of the selected style","status":"passed","title":"keeps explicit smart product requirements ahead of the selected style","duration":0.19510000000082073,"failureMessages":[],"meta":{}},{"ancestorTitles":["generated image source normalization"],"fullName":"generated image source normalization uses the selected smart-product composition and scale for the prepared product canvas","status":"passed","title":"uses the selected smart-product composition and scale for the prepared product canvas","duration":0.2121000000006461,"failureMessages":[],"meta":{}},{"ancestorTitles":["generated image source normalization"],"fullName":"generated image source normalization parses OCR text regions used by smart copy masks","status":"passed","title":"parses OCR text regions used by smart copy masks","duration":0.34360000000015134,"failureMessages":[],"meta":{}},{"ancestorTitles":["generated image source normalization"],"fullName":"generated image source normalization restores every source pixel outside the smart copy edit mask","status":"passed","title":"restores every source pixel outside the smart copy edit mask","duration":5.613599999998769,"failureMessages":[],"meta":{}},{"ancestorTitles":["generated image source normalization"],"fullName":"generated image source normalization blocks smart copy edits when OCR has no text regions","status":"passed","title":"blocks smart copy edits when OCR has no text regions","duration":0.33470000000124855,"failureMessages":[],"meta":{}},{"ancestorTitles":["generated image source normalization"],"fullName":"generated image source normalization prepares PicWish eraser source images at the high-definition target size","status":"passed","title":"prepares PicWish eraser source images at the high-definition target size","duration":14.150499999999738,"failureMessages":[],"meta":{}},{"ancestorTitles":["generated image source normalization"],"fullName":"generated image source normalization builds element background masks from opaque foreground pixels","status":"passed","title":"builds element background masks from opaque foreground pixels","duration":4.504800000000614,"failureMessages":[],"meta":{}},{"ancestorTitles":["generated image source normalization"],"fullName":"generated image source normalization keeps PicWish expansion source images within provider dimension limits","status":"passed","title":"keeps PicWish expansion source images within provider dimension limits","duration":288.6793999999991,"failureMessages":[],"meta":{}},{"ancestorTitles":["generated image source normalization"],"fullName":"generated image source normalization keeps PicWish expansion uploads below the provider file size limit","status":"passed","title":"keeps PicWish expansion uploads below the provider file size limit","duration":33.827800000000934,"failureMessages":[],"meta":{}},{"ancestorTitles":["generated image source normalization"],"fullName":"generated image source normalization uses explicit PicWish expansion margins when any side extends","status":"passed","title":"uses explicit PicWish expansion margins when any side extends","duration":0.19950000000062573,"failureMessages":[],"meta":{}},{"ancestorTitles":["generated image source normalization"],"fullName":"generated image source normalization normalizes PicWish image expansion margins as provider ratios","status":"passed","title":"normalizes PicWish image expansion margins as provider ratios","duration":0.13990000000012515,"failureMessages":[],"meta":{}},{"ancestorTitles":["generated image source normalization"],"fullName":"generated image source normalization falls back to reference-image generation when the image edit endpoint is unavailable","status":"passed","title":"falls back to reference-image generation when the image edit endpoint is unavailable","duration":30.01839999999902,"failureMessages":[],"meta":{}},{"ancestorTitles":["generated image source normalization"],"fullName":"generated image source normalization preserves the source outside an annotation mask through the dedicated edit endpoint","status":"passed","title":"preserves the source outside an annotation mask through the dedicated edit endpoint","duration":14.036299999999756,"failureMessages":[],"meta":{}},{"ancestorTitles":["generated image source normalization"],"fullName":"generated image source normalization falls back for smart annotation edit provider gateway failures","status":"passed","title":"falls back for smart annotation edit provider gateway failures","duration":1842.3824000000004,"failureMessages":[],"meta":{}},{"ancestorTitles":["generated image source normalization"],"fullName":"generated image source normalization continues smart annotation reference fallback after a chat fetch failure","status":"passed","title":"continues smart annotation reference fallback after a chat fetch failure","duration":3643.991900000001,"failureMessages":[],"meta":{}},{"ancestorTitles":["generated image source normalization"],"fullName":"generated image source normalization falls back when smart annotation native editing returns an unchanged image","status":"passed","title":"falls back when smart annotation native editing returns an unchanged image","duration":32.82630000000063,"failureMessages":[],"meta":{}},{"ancestorTitles":["generated image source normalization"],"fullName":"generated image source normalization falls back when smart annotation native editing returns a model compatibility error","status":"passed","title":"falls back when smart annotation native editing returns a model compatibility error","duration":27.410100000000966,"failureMessages":[],"meta":{}},{"ancestorTitles":["generated image source normalization"],"fullName":"generated image source normalization uses gpt-image-2 native editing for automatic smart copy edits","status":"passed","title":"uses gpt-image-2 native editing for automatic smart copy edits","duration":9.007699999998295,"failureMessages":[],"meta":{}},{"ancestorTitles":["generated image source normalization"],"fullName":"generated image source normalization retries automatic smart copy edits when the first model returns the unchanged source","status":"passed","title":"retries automatic smart copy edits when the first model returns the unchanged source","duration":50.025699999998324,"failureMessages":[],"meta":{}},{"ancestorTitles":["generated image source normalization"],"fullName":"generated image source normalization falls back to multimodal text extraction when image OCR returns empty text","status":"passed","title":"falls back to multimodal text extraction when image OCR returns empty text","duration":2.546699999998964,"failureMessages":[],"meta":{}}],"startTime":1787475451092,"endTime":1787475468567.5466,"status":"passed","message":"","name":"D:/project/artx-test/server/image-generation.test.ts"}]}